<?xml version="1.0" encoding="UTF-8"?>
<testng-results skipped="0" failed="0" total="1" passed="1">
  <reporter-output>
    <line>
      <![CDATA[chrome launched]]>
    </line>
    <line>
      <![CDATA[Navigate to url]]>
    </line>
    <line>
      <![CDATA[Invalid loin message is varified]]>
    </line>
    <line>
      <![CDATA[Browser closed]]>
    </line>
  </reporter-output>
  <suite name="Default suite" duration-ms="10590" started-at="2018-02-18T07:12:41Z" finished-at="2018-02-18T07:12:52Z">
    <groups>
    </groups>
    <test name="Default test" duration-ms="10590" started-at="2018-02-18T07:12:41Z" finished-at="2018-02-18T07:12:52Z">
      <class name="com.actitime.scripts.LoginTest">
        <test-method status="PASS" signature="setUp()[pri:0, instance:com.actitime.scripts.LoginTest@363ee3a2]" name="setUp" is-config="true" duration-ms="8926" started-at="2018-02-18T12:42:41Z" finished-at="2018-02-18T12:42:50Z">
          <reporter-output>
            <line>
              <![CDATA[chrome launched]]>
            </line>
            <line>
              <![CDATA[Navigate to url]]>
            </line>
          </reporter-output>
        </test-method> <!-- setUp -->
        <test-method status="PASS" signature="InvalidLogin()[pri:0, instance:com.actitime.scripts.LoginTest@363ee3a2]" name="InvalidLogin" duration-ms="1566" started-at="2018-02-18T12:42:50Z" finished-at="2018-02-18T12:42:52Z">
          <reporter-output>
            <line>
              <![CDATA[Invalid loin message is varified]]>
            </line>
          </reporter-output>
        </test-method> <!-- InvalidLogin -->
        <test-method status="PASS" signature="tearDown(org.testng.ITestResult)[pri:0, instance:com.actitime.scripts.LoginTest@363ee3a2]" name="tearDown" is-config="true" duration-ms="81" started-at="2018-02-18T12:42:52Z" finished-at="2018-02-18T12:42:52Z">
          <params>
            <param index="0">
              <value>
                <![CDATA[[TestResult name=InvalidLogin status=SUCCESS method=LoginTest.InvalidLogin()[pri:0, instance:com.actitime.scripts.LoginTest@363ee3a2] output=Invalid loin message is varified]]]>
              </value>
            </param>
          </params>
          <reporter-output>
            <line>
              <![CDATA[Browser closed]]>
            </line>
          </reporter-output>
        </test-method> <!-- tearDown -->
      </class> <!-- com.actitime.scripts.LoginTest -->
    </test> <!-- Default test -->
  </suite> <!-- Default suite -->
</testng-results>
